<?xml version="1.0" encoding="UTF-8"?>
<!-- Generated by org.testng.reporters.JUnitXMLReporter -->
<testsuite ignored="0" hostname="Toumie-PC" failures="0" tests="6" name="Default test" time="3.267" errors="0" timestamp="2022-06-05T17:30:43 EET">
  <testcase classname="tests.UserRegistrationUsingRESTassured" name="TestDELETEWithRESTAssured" time="1.323"/>
  <testcase classname="tests.UserRegistrationUsingRESTassured" name="TestGETWithRESTAssured" time="0.725"/>
  <testcase classname="tests.UserRegistrationUsingRESTassured" name="TestPATCHWithRESTAssured" time="0.302"/>
  <testcase classname="tests.UserRegistrationUsingRESTassured" name="TestPOSTWithRESTAssured" time="0.301"/>
  <testcase classname="tests.UserRegistrationUsingRESTassured" name="TestPUTWithRESTAssured" time="0.374"/>
  <testcase classname="tests.UserRegistrationUsingRESTassured" name="TestWithRESTAssured1" time="0.215"/>
</testsuite> <!-- Default test -->
