<?xml version="1.0" encoding="UTF-8"?>
<!-- Generated by org.testng.reporters.JUnitXMLReporter -->
<testsuite ignored="0" hostname="Toumie-PC" failures="0" tests="4" name="Regression Test" time="28.429" errors="0" timestamp="2022-05-29T21:36:19 EET">
  <testcase classname="tests.UserRegistrationTestCWithDDTandDataProvider" name="UserCanRegisterSuccessFully" time="6.959"/>
  <testcase classname="tests.UserRegistrationTestCWithDDTandDataProvider" name="UserCanRegisterSuccessFully" time="5.125"/>
  <testcase classname="tests.UserRegistrationTestCWithDDTandDataProvider" name="UserCanRegisterSuccessFully" time="5.046"/>
  <testcase classname="tests.UserRegistrationTestCWithDDTandDataProvider" name="UserCanRegisterSuccessFully" time="5.192"/>
</testsuite> <!-- Regression Test -->
