<?xml version="1.0" encoding="UTF-8"?>
<!-- Generated by org.testng.reporters.JUnitXMLReporter -->
<testsuite ignored="0" hostname="Toumie-PC" failures="0" tests="3" name="Regression Test" time="28.379" errors="0" timestamp="2022-05-30T01:20:41 EET">
  <testcase classname="tests.UserRegistrationTestCWithDDTandExcel" name="UserCanRegisterSuccessFully" time="7.964"/>
  <testcase classname="tests.UserRegistrationTestCWithDDTandExcel" name="UserCanRegisterSuccessFully" time="5.297"/>
  <testcase classname="tests.UserRegistrationTestCWithDDTandExcel" name="UserCanRegisterSuccessFully" time="5.111"/>
</testsuite> <!-- Regression Test -->
