<?xml version="1.0" encoding="UTF-8"?>
<testng-results ignored="0" total="1" passed="1" failed="0" skipped="0">
  <reporter-output>
  </reporter-output>
  <suite started-at="2022-05-28T22:24:39 EET" name="nopCommerce Regression Suite" finished-at="2022-05-28T22:24:49 EET" duration-ms="10320">
    <groups>
    </groups>
    <test started-at="2022-05-28T22:24:39 EET" name="Test" finished-at="2022-05-28T22:24:49 EET" duration-ms="10320">
      <class name="tests.ProductHoverMenuTestC">
        <test-method is-config="true" signature="StartDriver(java.lang.String)[pri:0, instance:tests.ProductHoverMenuTestC@e350b40]" started-at="2022-05-28T22:24:39 EET" name="StartDriver" finished-at="2022-05-28T22:24:43 EET" duration-ms="4438" status="PASS">
          <params>
            <param index="0">
              <value>
                <![CDATA[firefox]]>
              </value>
            </param>
          </params>
          <reporter-output>
          </reporter-output>
        </test-method> <!-- StartDriver -->
        <test-method signature="UserCanHoverToNoteBooksPage()[pri:0, instance:tests.ProductHoverMenuTestC@e350b40]" started-at="2022-05-28T22:24:43 EET" name="UserCanHoverToNoteBooksPage" finished-at="2022-05-28T22:24:48 EET" duration-ms="5337" status="PASS">
          <reporter-output>
          </reporter-output>
        </test-method> <!-- UserCanHoverToNoteBooksPage -->
        <test-method is-config="true" signature="ScreenshotOnFailure(org.testng.ITestResult)[pri:0, instance:tests.ProductHoverMenuTestC@e350b40]" started-at="2022-05-28T22:24:48 EET" name="ScreenshotOnFailure" finished-at="2022-05-28T22:24:48 EET" duration-ms="0" status="PASS">
          <params>
            <param index="0">
              <value>
                <![CDATA[[TestResult name=UserCanHoverToNoteBooksPage status=SUCCESS method=ProductHoverMenuTestC.UserCanHoverToNoteBooksPage()[pri:0, instance:tests.ProductHoverMenuTestC@e350b40] output={null}]]]>
              </value>
            </param>
          </params>
          <reporter-output>
          </reporter-output>
        </test-method> <!-- ScreenshotOnFailure -->
        <test-method is-config="true" signature="EndDriver()[pri:0, instance:tests.ProductHoverMenuTestC@e350b40]" started-at="2022-05-28T22:24:48 EET" name="EndDriver" finished-at="2022-05-28T22:24:49 EET" duration-ms="527" status="PASS">
          <reporter-output>
          </reporter-output>
        </test-method> <!-- EndDriver -->
      </class> <!-- tests.ProductHoverMenuTestC -->
    </test> <!-- Test -->
  </suite> <!-- nopCommerce Regression Suite -->
</testng-results>
